

Started GET "/" for ::1 at 2016-02-01 20:24:07 -0700
  [1m[36mActiveRecord::SchemaMigration Load (3.0ms)[0m  [1mSELECT "schema_migrations".* FROM "schema_migrations"[0m
Processing by DashboardController#show as HTML
  Rendered dashboard/show.html.erb within layouts/application (3.9ms)
Completed 200 OK in 1600ms (Views: 1584.7ms | ActiveRecord: 0.0ms)


Started GET "/assets/materialize" for ::1 at 2016-02-01 20:24:09 -0700

ActionController::RoutingError (No route matches [GET] "/assets/materialize"):
  actionpack (4.2.5) lib/action_dispatch/middleware/debug_exceptions.rb:21:in `call'
  web-console (2.3.0) lib/web_console/middleware.rb:28:in `block in call'
  web-console (2.3.0) lib/web_console/middleware.rb:18:in `catch'
  web-console (2.3.0) lib/web_console/middleware.rb:18:in `call'
  actionpack (4.2.5) lib/action_dispatch/middleware/show_exceptions.rb:30:in `call'
  railties (4.2.5) lib/rails/rack/logger.rb:38:in `call_app'
  railties (4.2.5) lib/rails/rack/logger.rb:20:in `block in call'
  activesupport (4.2.5) lib/active_support/tagged_logging.rb:68:in `block in tagged'
  activesupport (4.2.5) lib/active_support/tagged_logging.rb:26:in `tagged'
  activesupport (4.2.5) lib/active_support/tagged_logging.rb:68:in `tagged'
  railties (4.2.5) lib/rails/rack/logger.rb:20:in `call'
  actionpack (4.2.5) lib/action_dispatch/middleware/request_id.rb:21:in `call'
  rack (1.6.4) lib/rack/methodoverride.rb:22:in `call'
  rack (1.6.4) lib/rack/runtime.rb:18:in `call'
  activesupport (4.2.5) lib/active_support/cache/strategy/local_cache_middleware.rb:28:in `call'
  rack (1.6.4) lib/rack/lock.rb:17:in `call'
  actionpack (4.2.5) lib/action_dispatch/middleware/static.rb:116:in `call'
  rack (1.6.4) lib/rack/sendfile.rb:113:in `call'
  railties (4.2.5) lib/rails/engine.rb:518:in `call'
  railties (4.2.5) lib/rails/application.rb:165:in `call'
  rack (1.6.4) lib/rack/content_length.rb:15:in `call'
  puma (2.14.0) lib/puma/server.rb:541:in `handle_request'
  puma (2.14.0) lib/puma/server.rb:388:in `process_client'
  puma (2.14.0) lib/puma/server.rb:270:in `block in run'
  puma (2.14.0) lib/puma/thread_pool.rb:106:in `call'
  puma (2.14.0) lib/puma/thread_pool.rb:106:in `block in spawn_thread'


  Rendered /Users/acareaga/.rvm/gems/ruby-2.2.1/gems/actionpack-4.2.5/lib/action_dispatch/middleware/templates/rescues/_trace.html.erb (2.5ms)
  Rendered /Users/acareaga/.rvm/gems/ruby-2.2.1/gems/actionpack-4.2.5/lib/action_dispatch/middleware/templates/routes/_route.html.erb (1.8ms)
  Rendered /Users/acareaga/.rvm/gems/ruby-2.2.1/gems/actionpack-4.2.5/lib/action_dispatch/middleware/templates/routes/_table.html.erb (23.1ms)
  Rendered /Users/acareaga/.rvm/gems/ruby-2.2.1/gems/actionpack-4.2.5/lib/action_dispatch/middleware/templates/rescues/_request_and_response.html.erb (1.6ms)
  Rendered /Users/acareaga/.rvm/gems/ruby-2.2.1/gems/actionpack-4.2.5/lib/action_dispatch/middleware/templates/rescues/routing_error.html.erb within rescues/layout (175.3ms)
  Rendered /Users/acareaga/.rvm/gems/ruby-2.2.1/gems/web-console-2.3.0/lib/web_console/templates/_markup.html.erb (0.4ms)
  Rendered /Users/acareaga/.rvm/gems/ruby-2.2.1/gems/web-console-2.3.0/lib/web_console/templates/_inner_console_markup.html.erb within layouts/inlined_string (1.2ms)
  Rendered /Users/acareaga/.rvm/gems/ruby-2.2.1/gems/web-console-2.3.0/lib/web_console/templates/_prompt_box_markup.html.erb within layouts/inlined_string (0.3ms)
  Rendered /Users/acareaga/.rvm/gems/ruby-2.2.1/gems/web-console-2.3.0/lib/web_console/templates/style.css.erb within layouts/inlined_string (2.0ms)
  Rendered /Users/acareaga/.rvm/gems/ruby-2.2.1/gems/web-console-2.3.0/lib/web_console/templates/console.js.erb within layouts/javascript (73.7ms)
  Rendered /Users/acareaga/.rvm/gems/ruby-2.2.1/gems/web-console-2.3.0/lib/web_console/templates/main.js.erb within layouts/javascript (0.5ms)
  Rendered /Users/acareaga/.rvm/gems/ruby-2.2.1/gems/web-console-2.3.0/lib/web_console/templates/error_page.js.erb within layouts/javascript (0.4ms)
  Rendered /Users/acareaga/.rvm/gems/ruby-2.2.1/gems/web-console-2.3.0/lib/web_console/templates/index.html.erb (160.3ms)


Started GET "/api/v1/ideas/1" for ::1 at 2016-02-01 20:24:15 -0700
Processing by Api::V1::IdeasController#show as JSON
  Parameters: {"id"=>"1"}
  [1m[35mIdea Load (0.9ms)[0m  SELECT  "ideas".* FROM "ideas" WHERE "ideas"."id" = $1 LIMIT 1  [["id", 1]]
Completed 200 OK in 40ms (Views: 0.8ms | ActiveRecord: 5.4ms)


Started GET "/api/v1/ideas/65" for ::1 at 2016-02-01 20:24:18 -0700
Processing by Api::V1::IdeasController#show as JSON
  Parameters: {"id"=>"65"}
  [1m[36mIdea Load (0.4ms)[0m  [1mSELECT  "ideas".* FROM "ideas" WHERE "ideas"."id" = $1 LIMIT 1[0m  [["id", 65]]
Completed 200 OK in 7ms (Views: 0.2ms | ActiveRecord: 0.4ms)


Started GET "/api/v1/ideas/69" for ::1 at 2016-02-01 20:24:21 -0700
Processing by Api::V1::IdeasController#show as JSON
  Parameters: {"id"=>"69"}
  [1m[35mIdea Load (0.3ms)[0m  SELECT  "ideas".* FROM "ideas" WHERE "ideas"."id" = $1 LIMIT 1  [["id", 69]]
Completed 200 OK in 4ms (Views: 0.1ms | ActiveRecord: 0.3ms)


Started GET "/api/v1/ideas/1" for ::1 at 2016-02-01 20:24:23 -0700
Processing by Api::V1::IdeasController#show as JSON
  Parameters: {"id"=>"1"}
  [1m[36mIdea Load (0.4ms)[0m  [1mSELECT  "ideas".* FROM "ideas" WHERE "ideas"."id" = $1 LIMIT 1[0m  [["id", 1]]
Completed 200 OK in 5ms (Views: 0.9ms | ActiveRecord: 0.4ms)
